<?xml version="1.0" encoding="UTF-8"?>
<!-- Generated by org.testng.reporters.JUnitReportReporter -->
<testsuite hostname="DESKTOP-DIA066U" failures="0" tests="1" name="Jira.AuthBasedCookie" time="2.115" errors="0" timestamp="2022-01-27T18:00:36 EET" skipped="0">
  <testcase classname="Jira.AuthBasedCookie" name="testing" time="2.115"/>
  <system-out/>
</testsuite> <!-- Jira.AuthBasedCookie -->
