<?xml version="1.0" encoding="UTF-8"?>
<!-- Generated by org.testng.reporters.JUnitReportReporter -->
<testsuite hostname="DESKTOP-DIA066U" failures="0" tests="1" name="Trello.Trell_api" time="1.742" errors="0" timestamp="2022-01-30T23:07:20 EET" skipped="0">
  <testcase classname="Trello.Trell_api" name="api_test" time="1.742"/>
  <system-out/>
</testsuite> <!-- Trello.Trell_api -->
