<?xml version="1.0" encoding="UTF-8"?>
<!-- Generated by org.testng.reporters.JUnitReportReporter -->
<testsuite hostname="DESKTOP-DIA066U" failures="0" tests="2" name="api.Api_project" time="6.977" errors="0" timestamp="2022-01-20T17:17:24 EET" skipped="0">
  <testcase classname="api.Api_project" name="test" time="6.494"/>
  <system-out/>
  <testcase classname="api.Api_project" name="test2" time="0.483"/>
  <system-out/>
</testsuite> <!-- api.Api_project -->
