<?xml version="1.0" encoding="UTF-8"?>
<!-- Generated by org.testng.reporters.JUnitReportReporter -->
<testsuite hostname="DESKTOP-DIA066U" failures="0" tests="1" name="api.Jira" time="3.191" errors="0" timestamp="2022-01-23T20:23:56 EET" skipped="0">
  <testcase classname="api.Jira" name="testing" time="3.191"/>
  <system-out/>
</testsuite> <!-- api.Jira -->
